Using pre-set license
Built from '2020.3/staging' branch; Version is '2020.3.6f1 (338bb68529b2) revision 3378102'; Using compiler version '192528614'; Build Type 'Release'
OS: 'Windows 10 Enterprise; OS build 18363.476; Version 1909; 64bit' Language: 'en' Physical Memory: 32647 MB
BatchMode: 1, IsHumanControllingUs: 0, StartBugReporterOnCrash: 0, Is64bit: 1, IsPro: 0

 COMMAND LINE ARGUMENTS:
C:\Program Files\Unity\Hub\Editor\2020.3.6f1\Editor\Unity.exe
-adb2
-batchMode
-noUpm
-name
AssetImportWorker0
-projectPath
D:/Users/MDS0000193/Documents/DreadMaze/DreadMazeSource
-logFile
Logs/AssetImportWorker0.log
-srvPort
58242
Successfully changed project path to: D:/Users/MDS0000193/Documents/DreadMaze/DreadMazeSource
D:/Users/MDS0000193/Documents/DreadMaze/DreadMazeSource
Using Asset Import Pipeline V2.
Refreshing native plugins compatible for Editor in 81.60 ms, found 0 plugins.
Preloading 0 native plugins for Editor in 0.00 ms.
Initialize engine version: 2020.3.6f1 (338bb68529b2)
[Subsystems] Discovering subsystems at path C:/Program Files/Unity/Hub/Editor/2020.3.6f1/Editor/Data/Resources/UnitySubsystems
[Subsystems] Discovering subsystems at path D:/Users/MDS0000193/Documents/DreadMaze/DreadMazeSource/Assets
GfxDevice: creating device client; threaded=0
Direct3D:
    Version:  Direct3D 11.0 [level 11.1]
    Renderer: NVIDIA GeForce GTX 1080 (ID=0x1b80)
    Vendor:   
    VRAM:     8079 MB
    Driver:   27.21.14.6172
Initialize mono
Mono path[0] = 'C:/Program Files/Unity/Hub/Editor/2020.3.6f1/Editor/Data/Managed'
Mono path[1] = 'C:/Program Files/Unity/Hub/Editor/2020.3.6f1/Editor/Data/MonoBleedingEdge/lib/mono/unityjit'
Mono config path = 'C:/Program Files/Unity/Hub/Editor/2020.3.6f1/Editor/Data/MonoBleedingEdge/etc'
Using monoOptions --debugger-agent=transport=dt_socket,embedding=1,server=y,suspend=n,address=127.0.0.1:56764
Begin MonoManager ReloadAssembly
Registering precompiled unity dll's ...
Register platform support module: C:/Program Files/Unity/Hub/Editor/2020.3.6f1/Editor/Data/PlaybackEngines/WebGLSupport/UnityEditor.WebGL.Extensions.dll
Register platform support module: C:/Program Files/Unity/Hub/Editor/2020.3.6f1/Editor/Data/PlaybackEngines/WindowsStandaloneSupport/UnityEditor.WindowsStandalone.Extensions.dll
Registered in 0.001525 seconds.
Native extension for WindowsStandalone target not found
Native extension for WebGL target not found
Refreshing native plugins compatible for Editor in 45.30 ms, found 0 plugins.
Preloading 0 native plugins for Editor in 0.00 ms.
Mono: successfully reloaded assembly
- Completed reload, in  1.317 seconds
Platform modules already initialized, skipping
Registering precompiled user dll's ...
Registered in 0.001282 seconds.
Begin MonoManager ReloadAssembly
Native extension for WindowsStandalone target not found
Native extension for WebGL target not found
Refreshing native plugins compatible for Editor in 45.27 ms, found 0 plugins.
Preloading 0 native plugins for Editor in 0.00 ms.
Mono: successfully reloaded assembly
- Completed reload, in  1.011 seconds
Platform modules already initialized, skipping
========================================================================
Worker process is ready to serve import requests
Shader 'Universal Render Pipeline/Particles/Lit': fallback shader 'Universal Render Pipeline/Particles/SimpleLit' not found
Shader 'Universal Render Pipeline/Particles/Lit': fallback shader 'Universal Render Pipeline/Particles/SimpleLit' not found
Launched and connected shader compiler UnityShaderCompiler.exe after 0.04 seconds
Refreshing native plugins compatible for Editor in 0.57 ms, found 0 plugins.
Preloading 0 native plugins for Editor in 0.00 ms.
Unloading 2445 Unused Serialized files (Serialized files now loaded: 0)
System memory in use before: 115.7 MB.
System memory in use after: 112.9 MB.

Unloading 46 unused Assets to reduce memory usage. Loaded Objects now: 2855.
Total: 3.048600 ms (FindLiveObjects: 0.264600 ms CreateObjectMapping: 0.106300 ms MarkObjects: 1.489700 ms  DeleteObjects: 1.187300 ms)

========================================================================
Received Import Request.
  path: Assets/Sprites/CrazyText/5.png
  artifactKey: Guid(3814c86155b38f147bac9aca55833136) Importer(815301076,1909f56bfc062723c751e8b465ee728b)
Start importing Assets/Sprites/CrazyText/5.png using Guid(3814c86155b38f147bac9aca55833136) Importer(815301076,1909f56bfc062723c751e8b465ee728b)  -> (artifact id: '3a74394cba4e68b66b449970ce9b7a54') in 0.166930 seconds
  Import took 0.175749 seconds .

========================================================================
Received Import Request.
  Time since last request: 0.000261 seconds.
  path: Assets/Sprites/CrazyText/3.png
  artifactKey: Guid(ac2c237202927c746b67d90b135c55bd) Importer(815301076,1909f56bfc062723c751e8b465ee728b)
Start importing Assets/Sprites/CrazyText/3.png using Guid(ac2c237202927c746b67d90b135c55bd) Importer(815301076,1909f56bfc062723c751e8b465ee728b)  -> (artifact id: '9a3e5ca9cfeb1185b1a0f7f1f9dbe6f2') in 0.027607 seconds
  Import took 0.032549 seconds .

========================================================================
Received Import Request.
  Time since last request: 0.000402 seconds.
  path: Assets/Sprites/CrazyText/4.png
  artifactKey: Guid(e6b874f52cef3f540b7b1f2b4a6f1d5c) Importer(815301076,1909f56bfc062723c751e8b465ee728b)
Start importing Assets/Sprites/CrazyText/4.png using Guid(e6b874f52cef3f540b7b1f2b4a6f1d5c) Importer(815301076,1909f56bfc062723c751e8b465ee728b)  -> (artifact id: 'a34fa45b174a384e204c2ffbdbb887ce') in 0.011723 seconds
  Import took 0.016084 seconds .

========================================================================
Received Import Request.
  Time since last request: 0.000258 seconds.
  path: Assets/Sprites/CrazyText/7.png
  artifactKey: Guid(16842cbc0d67ec84da11f68aaae6c7fb) Importer(815301076,1909f56bfc062723c751e8b465ee728b)
Start importing Assets/Sprites/CrazyText/7.png using Guid(16842cbc0d67ec84da11f68aaae6c7fb) Importer(815301076,1909f56bfc062723c751e8b465ee728b)  -> (artifact id: '2e466498ffd366a458b3285ed7ec682e') in 0.012934 seconds
  Import took 0.016600 seconds .

========================================================================
Received Import Request.
  Time since last request: 0.000249 seconds.
  path: Assets/Sprites/CrazyText/6.png
  artifactKey: Guid(534d91d1ba57db34caa90aca49b5865b) Importer(815301076,1909f56bfc062723c751e8b465ee728b)
Start importing Assets/Sprites/CrazyText/6.png using Guid(534d91d1ba57db34caa90aca49b5865b) Importer(815301076,1909f56bfc062723c751e8b465ee728b)  -> (artifact id: '03c42b33cc3c2e51d32888413397f57f') in 0.011522 seconds
  Import took 0.014816 seconds .

========================================================================
Received Import Request.
  Time since last request: 0.000263 seconds.
  path: Assets/Sprites/CrazyText/1.png
  artifactKey: Guid(9809dca646b06b94591e411a5d3406ad) Importer(815301076,1909f56bfc062723c751e8b465ee728b)
Start importing Assets/Sprites/CrazyText/1.png using Guid(9809dca646b06b94591e411a5d3406ad) Importer(815301076,1909f56bfc062723c751e8b465ee728b)  -> (artifact id: '9c0a936e8b42fd947ffa9c02123879a3') in 0.011088 seconds
  Import took 0.014700 seconds .

========================================================================
Received Import Request.
  Time since last request: 0.000263 seconds.
  path: Assets/Sprites/CrazyText/8.png
  artifactKey: Guid(0cb1022323b83fb4392aacce28452446) Importer(815301076,1909f56bfc062723c751e8b465ee728b)
Start importing Assets/Sprites/CrazyText/8.png using Guid(0cb1022323b83fb4392aacce28452446) Importer(815301076,1909f56bfc062723c751e8b465ee728b)  -> (artifact id: '4c698a70dc0b6ced4903cc18095ce632') in 0.012396 seconds
  Import took 0.015559 seconds .

========================================================================
Received Import Request.
  Time since last request: 0.000228 seconds.
  path: Assets/Sprites/CrazyText/9.png
  artifactKey: Guid(2b97d9c14db2fae479afea2418e56633) Importer(815301076,1909f56bfc062723c751e8b465ee728b)
Start importing Assets/Sprites/CrazyText/9.png using Guid(2b97d9c14db2fae479afea2418e56633) Importer(815301076,1909f56bfc062723c751e8b465ee728b)  -> (artifact id: '7919afd0bab3517497c327a8d1cae933') in 0.012413 seconds
  Import took 0.015817 seconds .

========================================================================
Received Import Request.
  Time since last request: 0.000238 seconds.
  path: Assets/Sprites/CrazyText/2.png
  artifactKey: Guid(12696929c639b8a40ba2ad95ebc61f0c) Importer(815301076,1909f56bfc062723c751e8b465ee728b)
Start importing Assets/Sprites/CrazyText/2.png using Guid(12696929c639b8a40ba2ad95ebc61f0c) Importer(815301076,1909f56bfc062723c751e8b465ee728b)  -> (artifact id: '789103a0e11a2b913b293715913ca11e') in 0.010574 seconds
  Import took 0.014454 seconds .

========================================================================
Received Prepare
Shader 'Universal Render Pipeline/Particles/Lit': fallback shader 'Universal Render Pipeline/Particles/SimpleLit' not found
Shader 'Universal Render Pipeline/Particles/Lit': fallback shader 'Universal Render Pipeline/Particles/SimpleLit' not found
Refreshing native plugins compatible for Editor in 1.10 ms, found 0 plugins.
Preloading 0 native plugins for Editor in 0.00 ms.
Unloading 39 Unused Serialized files (Serialized files now loaded: 0)
System memory in use before: 68.2 MB.
System memory in use after: 65.5 MB.

Unloading 39 unused Assets to reduce memory usage. Loaded Objects now: 2861.
Total: 3.978900 ms (FindLiveObjects: 0.378600 ms CreateObjectMapping: 0.140200 ms MarkObjects: 2.228100 ms  DeleteObjects: 1.231000 ms)

AssetImportWorkerClient::OnTransportError - code=2 error=End of file
